2026-06-08 09:45:44,305 [INFO] stock_etl: [网络] 代理已绕过，请求超时设为10/30s
2026-06-08 09:45:44,348 [INFO] stock_etl: ============================================================
2026-06-08 09:45:44,348 [INFO] stock_etl: 🔵 Phase 1/4: 数据采集 (2026-06-08)
2026-06-08 09:45:44,348 [INFO] stock_etl: ============================================================
2026-06-08 09:45:44,348 [INFO] stock_etl: ============================================================
2026-06-08 09:45:44,348 [INFO] stock_etl: 🚀 开始全量数据采集, 目标日期: 2026-06-08
2026-06-08 09:45:44,348 [INFO] stock_etl: ============================================================
2026-06-08 09:45:44,348 [INFO] stock_etl: [股票列表] 从 akshare 拉取...
2026-06-08 09:45:55,421 [INFO] stock_etl: [股票列表] ✅ 共 5207 只A股
2026-06-08 09:45:55,421 [INFO] stock_etl: 缓存已保存: stock_list.pkl
2026-06-08 09:45:55,421 [INFO] stock_etl: [日线K线] 批量拉取 5207 只, 20250812~20260608
2026-06-08 09:53:58,603 [INFO] stock_etl:   进度: 100/5207 (100只成功)
2026-06-08 10:01:56,548 [INFO] stock_etl:   进度: 200/5207 (200只成功)
2026-06-08 10:09:53,574 [INFO] stock_etl:   进度: 300/5207 (300只成功)
2026-06-08 10:17:36,166 [INFO] stock_etl:   进度: 400/5207 (400只成功)
2026-06-08 10:25:26,717 [INFO] stock_etl:   进度: 500/5207 (500只成功)
2026-06-08 10:32:55,061 [INFO] stock_etl:   进度: 600/5207 (600只成功)
2026-06-08 10:40:36,632 [INFO] stock_etl:   进度: 700/5207 (700只成功)
2026-06-08 10:48:02,011 [INFO] stock_etl:   进度: 800/5207 (800只成功)
2026-06-08 10:50:08,008 [WARNING] stock_etl:   [stock_zh_a_hist_tx] 第1次失败: ('Connection aborted.', ConnectionResetError(10054, '远程主机强迫关闭了一个现有的连接。', None, 10054, None))
2026-06-08 10:50:08,008 [INFO] stock_etl:   等待 5.0s 后重试...
2026-06-08 10:55:39,473 [INFO] stock_etl:   进度: 900/5207 (900只成功)
2026-06-08 11:03:21,332 [INFO] stock_etl:   进度: 1000/5207 (1000只成功)
2026-06-08 11:10:51,798 [INFO] stock_etl:   进度: 1100/5207 (1100只成功)
2026-06-08 11:18:11,674 [INFO] stock_etl:   进度: 1200/5207 (1200只成功)
2026-06-08 11:33:25 [INFO] stock_etl: ============================================================
2026-06-08 11:33:25 [INFO] stock_etl: 🔵 Phase 1/4: 数据采集 (2026-06-08)
2026-06-08 11:33:25 [INFO] stock_etl: ============================================================
2026-06-08 11:33:25 [INFO] stock_etl: ============================================================
2026-06-08 11:33:25 [INFO] stock_etl: 🚀 开始全量数据采集 (westock-data 腾讯源), 目标日期: 2026-06-08
2026-06-08 11:33:25 [INFO] stock_etl: ============================================================
2026-06-08 11:33:25 [INFO] stock_etl: [股票列表] 从 akshare 获取代码列表...
2026-06-08 11:33:36 [WARNING] stock_etl: [股票列表] akshare 获取失败: HTTPSConnectionPool(host='query.sse.com.cn', port=443): Max retries exceeded with url: /sseQuery/commonQuery.do?STOCK_TYPE=1&REG_PROVINCE=&CSRC_CODE=&STOCK_CODE=&sqlId=COMMON_SSE_CP_GPJCTPZ_GPLB_GP_L&COMPANY_STATUS=2%2C4%2C5%2C7%2C8&type=inParams&isPagination=true&pageHelp.cacheSize=1&pageHelp.beginPage=1&pageHelp.pageSize=10000&pageHelp.pageNo=1&pageHelp.endPage=1 (Caused by NameResolutionError("HTTPSConnection(host='query.sse.com.cn', port=443): Failed to resolve 'query.sse.com.cn' ([Errno 11001] getaddrinfo failed)")), 使用 westock search 替代
2026-06-08 11:33:38 [WARNING] stock_etl:   [hot] 第1次失败: 'NoneType' object has no attribute 'strip'
2026-06-08 11:33:44 [WARNING] stock_etl:   [hot] 第2次失败: 'NoneType' object has no attribute 'strip'
2026-06-08 11:33:52 [WARNING] stock_etl:   [hot] 第3次失败: 'NoneType' object has no attribute 'strip'
2026-06-08 11:33:52 [INFO] stock_etl: [股票列表] ✅ 共 0 只A股
2026-06-08 11:33:52 [INFO] stock_etl: 缓存已保存: stock_list.pkl
2026-06-08 11:33:52 [INFO] stock_etl: [日线K线] 批量拉取 0 只, limit=350
2026-06-08 11:33:52 [INFO] stock_etl: [日线K线] ✅ 成功拉取 0/0 只
2026-06-08 11:33:52 [INFO] stock_etl: [财务报表] 批量拉取 0 只
2026-06-08 11:33:52 [INFO] stock_etl: [财务报表] ✅ 完整获取 0/0 只
2026-06-08 11:33:52 [INFO] stock_etl: 缓存已保存: checkpoint.pkl
2026-06-08 11:33:52 [INFO] stock_etl: [断点] 💾 中间缓存已保存 (K线+财报)
2026-06-08 11:33:52 [INFO] stock_etl: [资金流] 批量拉取 0 只 (腾讯源)
2026-06-08 11:33:52 [INFO] stock_etl: [资金流] ✅ 获取 0/0 只
2026-06-08 11:33:52 [INFO] stock_etl: [融资融券] 批量拉取...
2026-06-08 11:33:52 [INFO] stock_etl: [融资融券] ✅ 获取 0/0 只
2026-06-08 11:33:52 [INFO] stock_etl: [北向资金] 从资金流数据提取 LgtHoldInfo...
2026-06-08 11:33:52 [INFO] stock_etl: [北向资金] ✅ 提取 0 只
2026-06-08 11:33:52 [INFO] stock_etl: [股东结构] 批量拉取 0 只...
2026-06-08 11:33:52 [INFO] stock_etl: [股东结构] ✅ 获取 0/0 只
2026-06-08 11:33:52 [INFO] stock_etl: [技术指标] 批量拉取...
2026-06-08 11:33:52 [INFO] stock_etl: [技术指标] ✅ 获取 0/0 只
2026-06-08 11:33:52 [INFO] stock_etl: [筹码成本] 批量拉取...
2026-06-08 11:33:52 [INFO] stock_etl: [筹码成本] ✅ 获取 0/0 只
2026-06-08 11:33:52 [INFO] stock_etl: [分红数据] 批量拉取...
2026-06-08 11:33:52 [INFO] stock_etl: [分红数据] ✅ 获取 0/0 只
2026-06-08 11:33:52 [INFO] stock_etl: [行业分类] 从 profile 提取行业信息...
2026-06-08 11:33:52 [INFO] stock_etl: [行业分类] ✅ 映射 0 只 → 行业
2026-06-08 11:33:52 [INFO] stock_etl: [概念板块] 从 profile 提取板块信息...
2026-06-08 11:33:52 [INFO] stock_etl: [概念板块] ✅ 映射 0 只
2026-06-08 11:33:52 [INFO] stock_etl: ============================================================
2026-06-08 11:33:52 [INFO] stock_etl: ✅ 数据采集完成
2026-06-08 11:33:52 [INFO] stock_etl: ============================================================
2026-06-08 11:33:52 [INFO] stock_etl: [断点] 🗑️ 缓存已清除（全部步骤完成）
2026-06-08 11:33:52 [INFO] stock_etl:   耗时: 27s
2026-06-08 11:33:52 [INFO] stock_etl: ============================================================
2026-06-08 11:33:52 [INFO] stock_etl: 🔵 Phase 2/4: 因子计算 (0 只股票)
2026-06-08 11:33:52 [INFO] stock_etl: ============================================================
2026-06-08 11:33:52 [INFO] stock_etl:   耗时: 0s | 成功: 0/0
2026-06-08 11:33:52 [INFO] stock_etl: ============================================================
2026-06-08 11:33:52 [INFO] stock_etl: 🔵 Phase 3/4: 输出生成
2026-06-08 11:33:52 [INFO] stock_etl: ============================================================
2026-06-08 11:33:52 [INFO] stock_etl: [输出] 生成 20260608 数据文件...
2026-06-08 11:33:52 [INFO] stock_etl:   ✅ field_index: D:\stock_etl\output\field_index_2026-06-08.json (235 字段)
2026-06-08 11:33:52 [INFO] stock_etl:   ✅ stock_data: D:\stock_etl\output\stock_data_2026-06-08.json.gz (0 只股票)
2026-06-08 11:33:52 [INFO] stock_etl:   耗时: 0s
2026-06-08 11:33:52 [INFO] stock_etl: ============================================================
2026-06-08 11:33:52 [INFO] stock_etl: 🔵 Phase 4/4: 跳过上传 (--no-upload)
2026-06-08 11:33:52 [INFO] stock_etl: ============================================================
2026-06-08 11:33:52 [INFO] stock_etl: ============================================================
2026-06-08 11:33:52 [INFO] stock_etl: ✅ ETL 管道执行完毕
2026-06-08 11:33:52 [INFO] stock_etl:   股票数: 0
2026-06-08 11:33:52 [INFO] stock_etl:   总耗时: 27s (0.5min)
2026-06-08 11:33:52 [INFO] stock_etl:   输出目录: D:\stock_etl\output\field_index_2026-06-08.json
2026-06-08 11:33:52 [INFO] stock_etl: ============================================================
